<?xml version="1.0" encoding="UTF-8"?>
<testng-results skipped="0" failed="0" ignored="0" total="1" passed="1">
  <reporter-output>
    <line>
      <![CDATA[Extent Report Directory/Users/peoplentech/develop/SeleniumJuly2018/WebAutomation/Amazon/target/surefire-reports/html]]>
    </line>
    <line>
      <![CDATA[TestSearch: search Data]]>
    </line>
    <line>
      <![CDATA[SearchPage: search Items And Submit Button]]>
    </line>
    <line>
      <![CDATA[SearchPage: get Item Value]]>
    </line>
    <line>
      <![CDATA[SearchPage: search For]]>
    </line>
    <line>
      <![CDATA[SearchPage: get Search Input Web Element]]>
    </line>
    <line>
      <![CDATA[SearchPage: submit Search Button]]>
    </line>
    <line>
      <![CDATA[SearchPage: get Submit Button Web Element]]>
    </line>
    <line>
      <![CDATA[SearchPage: clear Input]]>
    </line>
    <line>
      <![CDATA[SearchPage: get Search Input Web Element]]>
    </line>
    <line>
      <![CDATA[SearchPage: search For]]>
    </line>
    <line>
      <![CDATA[SearchPage: get Search Input Web Element]]>
    </line>
    <line>
      <![CDATA[SearchPage: submit Search Button]]>
    </line>
    <line>
      <![CDATA[SearchPage: get Submit Button Web Element]]>
    </line>
    <line>
      <![CDATA[SearchPage: clear Input]]>
    </line>
    <line>
      <![CDATA[SearchPage: get Search Input Web Element]]>
    </line>
    <line>
      <![CDATA[SearchPage: search For]]>
    </line>
    <line>
      <![CDATA[SearchPage: get Search Input Web Element]]>
    </line>
    <line>
      <![CDATA[SearchPage: submit Search Button]]>
    </line>
    <line>
      <![CDATA[SearchPage: get Submit Button Web Element]]>
    </line>
    <line>
      <![CDATA[SearchPage: clear Input]]>
    </line>
    <line>
      <![CDATA[SearchPage: get Search Input Web Element]]>
    </line>
    <line>
      <![CDATA[SearchPage: search For]]>
    </line>
    <line>
      <![CDATA[SearchPage: get Search Input Web Element]]>
    </line>
    <line>
      <![CDATA[SearchPage: submit Search Button]]>
    </line>
    <line>
      <![CDATA[SearchPage: get Submit Button Web Element]]>
    </line>
    <line>
      <![CDATA[SearchPage: clear Input]]>
    </line>
    <line>
      <![CDATA[SearchPage: get Search Input Web Element]]>
    </line>
    <line>
      <![CDATA[SearchPage: search For]]>
    </line>
    <line>
      <![CDATA[SearchPage: get Search Input Web Element]]>
    </line>
    <line>
      <![CDATA[SearchPage: submit Search Button]]>
    </line>
    <line>
      <![CDATA[SearchPage: get Submit Button Web Element]]>
    </line>
    <line>
      <![CDATA[SearchPage: clear Input]]>
    </line>
    <line>
      <![CDATA[SearchPage: get Search Input Web Element]]>
    </line>
    <line>
      <![CDATA[SearchPage: search For]]>
    </line>
    <line>
      <![CDATA[SearchPage: get Search Input Web Element]]>
    </line>
    <line>
      <![CDATA[SearchPage: submit Search Button]]>
    </line>
    <line>
      <![CDATA[SearchPage: get Submit Button Web Element]]>
    </line>
    <line>
      <![CDATA[SearchPage: clear Input]]>
    </line>
    <line>
      <![CDATA[SearchPage: get Search Input Web Element]]>
    </line>
    <line>
      <![CDATA[SearchPage: search For]]>
    </line>
    <line>
      <![CDATA[SearchPage: get Search Input Web Element]]>
    </line>
    <line>
      <![CDATA[SearchPage: submit Search Button]]>
    </line>
    <line>
      <![CDATA[SearchPage: get Submit Button Web Element]]>
    </line>
    <line>
      <![CDATA[SearchPage: clear Input]]>
    </line>
    <line>
      <![CDATA[SearchPage: get Search Input Web Element]]>
    </line>
    <line>
      <![CDATA[SearchPage: search For]]>
    </line>
    <line>
      <![CDATA[SearchPage: get Search Input Web Element]]>
    </line>
    <line>
      <![CDATA[SearchPage: submit Search Button]]>
    </line>
    <line>
      <![CDATA[SearchPage: get Submit Button Web Element]]>
    </line>
    <line>
      <![CDATA[SearchPage: clear Input]]>
    </line>
    <line>
      <![CDATA[SearchPage: get Search Input Web Element]]>
    </line>
  </reporter-output>
  <suite name="Amazon API Automation Script " duration-ms="74917" started-at="2018-09-23T14:31:11Z" finished-at="2018-09-23T14:32:26Z">
    <groups>
    </groups>
    <test name="Search Test" duration-ms="74917" started-at="2018-09-23T14:31:11Z" finished-at="2018-09-23T14:32:26Z">
      <class name="search.TestSearch">
        <test-method status="PASS" signature="extentSetup(org.testng.ITestContext)[pri:0, instance:search.TestSearch@4232c52b]" name="extentSetup" is-config="true" duration-ms="303" started-at="2018-09-23T14:31:11Z" finished-at="2018-09-23T14:31:11Z">
          <params>
            <param index="0">
              <value>
                <![CDATA[org.testng.TestRunner@47ad69f7]]>
              </value>
            </param>
          </params>
          <reporter-output>
            <line>
              <![CDATA[Extent Report Directory/Users/peoplentech/develop/SeleniumJuly2018/WebAutomation/Amazon/target/surefire-reports/html]]>
            </line>
          </reporter-output>
        </test-method> <!-- extentSetup -->
        <test-method status="PASS" signature="setUp(boolean, java.lang.String, java.lang.String, java.lang.String, java.lang.String, java.lang.String, java.lang.String)[pri:0, instance:search.TestSearch@4232c52b]" name="setUp" is-config="true" duration-ms="10889" started-at="2018-09-23T14:31:11Z" finished-at="2018-09-23T14:31:22Z">
          <params>
            <param index="0">
              <value>
                <![CDATA[false]]>
              </value>
            </param>
            <param index="1">
              <value>
                <![CDATA[browserstack]]>
              </value>
            </param>
            <param index="2">
              <value>
                <![CDATA[OS X]]>
              </value>
            </param>
            <param index="3">
              <value>
                <![CDATA[Sierra]]>
              </value>
            </param>
            <param index="4">
              <value>
                <![CDATA[chrome]]>
              </value>
            </param>
            <param index="5">
              <value>
                <![CDATA[60.0]]>
              </value>
            </param>
            <param index="6">
              <value>
                <![CDATA[https://www.amazon.com/]]>
              </value>
            </param>
          </params>
          <reporter-output>
          </reporter-output>
        </test-method> <!-- setUp -->
        <test-method status="PASS" signature="startExtent(java.lang.reflect.Method)[pri:0, instance:search.TestSearch@4232c52b]" name="startExtent" is-config="true" duration-ms="29" started-at="2018-09-23T14:31:22Z" finished-at="2018-09-23T14:31:22Z">
          <params>
            <param index="0">
              <value>
                <![CDATA[public void search.TestSearch.searchData() throws java.io.IOException]]>
              </value>
            </param>
          </params>
          <reporter-output>
          </reporter-output>
        </test-method> <!-- startExtent -->
        <test-method status="PASS" signature="searchData()[pri:0, instance:search.TestSearch@4232c52b]" name="searchData" duration-ms="62428" started-at="2018-09-23T14:31:22Z" finished-at="2018-09-23T14:32:24Z">
          <reporter-output>
            <line>
              <![CDATA[TestSearch: search Data]]>
            </line>
            <line>
              <![CDATA[SearchPage: search Items And Submit Button]]>
            </line>
            <line>
              <![CDATA[SearchPage: get Item Value]]>
            </line>
            <line>
              <![CDATA[SearchPage: search For]]>
            </line>
            <line>
              <![CDATA[SearchPage: get Search Input Web Element]]>
            </line>
            <line>
              <![CDATA[SearchPage: submit Search Button]]>
            </line>
            <line>
              <![CDATA[SearchPage: get Submit Button Web Element]]>
            </line>
            <line>
              <![CDATA[SearchPage: clear Input]]>
            </line>
            <line>
              <![CDATA[SearchPage: get Search Input Web Element]]>
            </line>
            <line>
              <![CDATA[SearchPage: search For]]>
            </line>
            <line>
              <![CDATA[SearchPage: get Search Input Web Element]]>
            </line>
            <line>
              <![CDATA[SearchPage: submit Search Button]]>
            </line>
            <line>
              <![CDATA[SearchPage: get Submit Button Web Element]]>
            </line>
            <line>
              <![CDATA[SearchPage: clear Input]]>
            </line>
            <line>
              <![CDATA[SearchPage: get Search Input Web Element]]>
            </line>
            <line>
              <![CDATA[SearchPage: search For]]>
            </line>
            <line>
              <![CDATA[SearchPage: get Search Input Web Element]]>
            </line>
            <line>
              <![CDATA[SearchPage: submit Search Button]]>
            </line>
            <line>
              <![CDATA[SearchPage: get Submit Button Web Element]]>
            </line>
            <line>
              <![CDATA[SearchPage: clear Input]]>
            </line>
            <line>
              <![CDATA[SearchPage: get Search Input Web Element]]>
            </line>
            <line>
              <![CDATA[SearchPage: search For]]>
            </line>
            <line>
              <![CDATA[SearchPage: get Search Input Web Element]]>
            </line>
            <line>
              <![CDATA[SearchPage: submit Search Button]]>
            </line>
            <line>
              <![CDATA[SearchPage: get Submit Button Web Element]]>
            </line>
            <line>
              <![CDATA[SearchPage: clear Input]]>
            </line>
            <line>
              <![CDATA[SearchPage: get Search Input Web Element]]>
            </line>
            <line>
              <![CDATA[SearchPage: search For]]>
            </line>
            <line>
              <![CDATA[SearchPage: get Search Input Web Element]]>
            </line>
            <line>
              <![CDATA[SearchPage: submit Search Button]]>
            </line>
            <line>
              <![CDATA[SearchPage: get Submit Button Web Element]]>
            </line>
            <line>
              <![CDATA[SearchPage: clear Input]]>
            </line>
            <line>
              <![CDATA[SearchPage: get Search Input Web Element]]>
            </line>
            <line>
              <![CDATA[SearchPage: search For]]>
            </line>
            <line>
              <![CDATA[SearchPage: get Search Input Web Element]]>
            </line>
            <line>
              <![CDATA[SearchPage: submit Search Button]]>
            </line>
            <line>
              <![CDATA[SearchPage: get Submit Button Web Element]]>
            </line>
            <line>
              <![CDATA[SearchPage: clear Input]]>
            </line>
            <line>
              <![CDATA[SearchPage: get Search Input Web Element]]>
            </line>
            <line>
              <![CDATA[SearchPage: search For]]>
            </line>
            <line>
              <![CDATA[SearchPage: get Search Input Web Element]]>
            </line>
            <line>
              <![CDATA[SearchPage: submit Search Button]]>
            </line>
            <line>
              <![CDATA[SearchPage: get Submit Button Web Element]]>
            </line>
            <line>
              <![CDATA[SearchPage: clear Input]]>
            </line>
            <line>
              <![CDATA[SearchPage: get Search Input Web Element]]>
            </line>
            <line>
              <![CDATA[SearchPage: search For]]>
            </line>
            <line>
              <![CDATA[SearchPage: get Search Input Web Element]]>
            </line>
            <line>
              <![CDATA[SearchPage: submit Search Button]]>
            </line>
            <line>
              <![CDATA[SearchPage: get Submit Button Web Element]]>
            </line>
            <line>
              <![CDATA[SearchPage: clear Input]]>
            </line>
            <line>
              <![CDATA[SearchPage: get Search Input Web Element]]>
            </line>
          </reporter-output>
        </test-method> <!-- searchData -->
        <test-method status="PASS" signature="afterEachTestMethod(org.testng.ITestResult)[pri:0, instance:search.TestSearch@4232c52b]" name="afterEachTestMethod" is-config="true" duration-ms="1234" started-at="2018-09-23T14:32:24Z" finished-at="2018-09-23T14:32:26Z">
          <params>
            <param index="0">
              <value>
                <![CDATA[[TestResult name=searchData status=SUCCESS method=TestSearch.searchData()[pri:0, instance:search.TestSearch@4232c52b] output=TestSearch: search Data]]]>
              </value>
            </param>
          </params>
          <reporter-output>
          </reporter-output>
        </test-method> <!-- afterEachTestMethod -->
        <test-method status="FAIL" signature="cleanUp()[pri:0, instance:search.TestSearch@4232c52b]" name="cleanUp" is-config="true" duration-ms="71" started-at="2018-09-23T14:32:26Z" finished-at="2018-09-23T14:32:26Z">
          <exception class="org.openqa.selenium.NoSuchSessionException">
            <message>
              <![CDATA[Session ID is null. Using WebDriver after calling quit()?
Build info: version: '3.13.0', revision: '2f0d292', time: '2018-06-25T15:24:21.231Z'
System info: host: 'PeopleNTechs-iMac.local', ip: '10.11.11.198', os.name: 'Mac OS X', os.arch: 'x86_64', os.version: '10.13.6', java.version: '1.8.0_151'
Driver info: driver.version: RemoteWebDriver]]>
            </message>
            <full-stacktrace>
              <![CDATA[org.openqa.selenium.NoSuchSessionException: Session ID is null. Using WebDriver after calling quit()?
Build info: version: '3.13.0', revision: '2f0d292', time: '2018-06-25T15:24:21.231Z'
System info: host: 'PeopleNTechs-iMac.local', ip: '10.11.11.198', os.name: 'Mac OS X', os.arch: 'x86_64', os.version: '10.13.6', java.version: '1.8.0_151'
Driver info: driver.version: RemoteWebDriver
at org.openqa.selenium.remote.HttpCommandExecutor.execute(HttpCommandExecutor.java:125)
at org.openqa.selenium.remote.service.DriverCommandExecutor.execute(DriverCommandExecutor.java:83)
at org.openqa.selenium.remote.RemoteWebDriver.execute(RemoteWebDriver.java:548)
at org.openqa.selenium.remote.RemoteWebDriver.execute(RemoteWebDriver.java:605)
at org.openqa.selenium.remote.RemoteWebDriver.close(RemoteWebDriver.java:438)
at base.CommonAPI.cleanUp(CommonAPI.java:175)
at sun.reflect.NativeMethodAccessorImpl.invoke0(Native Method)
at sun.reflect.NativeMethodAccessorImpl.invoke(NativeMethodAccessorImpl.java:62)
at sun.reflect.DelegatingMethodAccessorImpl.invoke(DelegatingMethodAccessorImpl.java:43)
at java.lang.reflect.Method.invoke(Method.java:498)
at org.testng.internal.MethodInvocationHelper.invokeMethod(MethodInvocationHelper.java:124)
at org.testng.internal.MethodInvocationHelper.invokeMethodConsideringTimeout(MethodInvocationHelper.java:59)
at org.testng.internal.Invoker.invokeConfigurationMethod(Invoker.java:458)
at org.testng.internal.Invoker.invokeConfigurations(Invoker.java:222)
at org.testng.internal.Invoker.invokeMethod(Invoker.java:646)
at org.testng.internal.Invoker.invokeTestMethod(Invoker.java:719)
at org.testng.internal.Invoker.invokeTestMethods(Invoker.java:989)
at org.testng.internal.TestMethodWorker.invokeTestMethods(TestMethodWorker.java:125)
at org.testng.internal.TestMethodWorker.run(TestMethodWorker.java:109)
at org.testng.TestRunner.privateRun(TestRunner.java:648)
at org.testng.TestRunner.run(TestRunner.java:505)
at org.testng.SuiteRunner.runTest(SuiteRunner.java:455)
at org.testng.SuiteRunner.runSequentially(SuiteRunner.java:450)
at org.testng.SuiteRunner.privateRun(SuiteRunner.java:415)
at org.testng.SuiteRunner.run(SuiteRunner.java:364)
at org.testng.SuiteRunnerWorker.runSuite(SuiteRunnerWorker.java:52)
at org.testng.SuiteRunnerWorker.run(SuiteRunnerWorker.java:84)
at org.testng.TestNG.runSuitesSequentially(TestNG.java:1208)
at org.testng.TestNG.runSuitesLocally(TestNG.java:1137)
at org.testng.TestNG.runSuites(TestNG.java:1049)
at org.testng.TestNG.run(TestNG.java:1017)
at org.apache.maven.surefire.testng.TestNGExecutor.run(TestNGExecutor.java:283)
at org.apache.maven.surefire.testng.TestNGXmlTestSuite.execute(TestNGXmlTestSuite.java:75)
at org.apache.maven.surefire.testng.TestNGProvider.invoke(TestNGProvider.java:120)
at org.apache.maven.surefire.booter.ForkedBooter.invokeProviderInSameClassLoader(ForkedBooter.java:373)
at org.apache.maven.surefire.booter.ForkedBooter.runSuitesInProcess(ForkedBooter.java:334)
at org.apache.maven.surefire.booter.ForkedBooter.execute(ForkedBooter.java:119)
at org.apache.maven.surefire.booter.ForkedBooter.main(ForkedBooter.java:407)
]]>
            </full-stacktrace>
          </exception> <!-- org.openqa.selenium.NoSuchSessionException -->
          <reporter-output>
          </reporter-output>
        </test-method> <!-- cleanUp -->
        <test-method status="PASS" signature="generateReport()[pri:0, instance:search.TestSearch@4232c52b]" name="generateReport" is-config="true" duration-ms="29" started-at="2018-09-23T14:32:26Z" finished-at="2018-09-23T14:32:26Z">
          <reporter-output>
          </reporter-output>
        </test-method> <!-- generateReport -->
      </class> <!-- search.TestSearch -->
    </test> <!-- Search Test -->
  </suite> <!-- Amazon API Automation Script  -->
</testng-results>
