<?xml version="1.0" encoding="UTF-8"?>
<!-- Generated by org.testng.reporters.JUnitXMLReporter -->
<testsuite ignored="0" hostname="matiurs-MacBook-Pro.local" failures="0" tests="4" name="Employee Information Services" time="7.803" errors="0" timestamp="04 Oct 2018 23:44:26 GMT">
  <testcase classname="rest.SingleEmployeeRestServices" name="callSingleEmployeeResources" time="3.664"/>
  <testcase classname="rest.AllEmployeeRestServices" name="badCallAllEmployeeResources" time="0.241"/>
  <testcase classname="rest.AllEmployeeRestServices" name="callAllEmployeeResources" time="1.931"/>
  <testcase classname="rest.AllEmployeeRestServices" name="serverErrorCallAllEmployeeResources" time="1.948"/>
</testsuite> <!-- Employee Information Services -->
