<?xml version="1.0" encoding="UTF-8"?>
<!-- Generated by org.testng.reporters.JUnitXMLReporter -->
<testsuite hostname="PeopleNTechs-iMac.local" ignored="0" name="Search Test" tests="1" failures="0" timestamp="23 Sep 2018 14:32:26 GMT" time="74.917" errors="0">
  <testcase name="@AfterMethod cleanUp" time="0.071" classname="base.CommonAPI">
    <failure type="org.openqa.selenium.NoSuchSessionException" message="Session ID is null. Using WebDriver after calling quit()?
Build info: version: &amp;apos;3.13.0&amp;apos;, revision: &amp;apos;2f0d292&amp;apos;, time: &amp;apos;2018-06-25T15:24:21.231Z&amp;apos;
System info: host: &amp;apos;PeopleNTechs-iMac.local&amp;apos;, ip: &amp;apos;10.11.11.198&amp;apos;, os.name: &amp;apos;Mac OS X&amp;apos;, os.arch: &amp;apos;x86_64&amp;apos;, os.version: &amp;apos;10.13.6&amp;apos;, java.version: &amp;apos;1.8.0_151&amp;apos;
Driver info: driver.version: RemoteWebDriver">
      <![CDATA[org.openqa.selenium.NoSuchSessionException: Session ID is null. Using WebDriver after calling quit()?
Build info: version: '3.13.0', revision: '2f0d292', time: '2018-06-25T15:24:21.231Z'
System info: host: 'PeopleNTechs-iMac.local', ip: '10.11.11.198', os.name: 'Mac OS X', os.arch: 'x86_64', os.version: '10.13.6', java.version: '1.8.0_151'
Driver info: driver.version: RemoteWebDriver
at org.openqa.selenium.remote.HttpCommandExecutor.execute(HttpCommandExecutor.java:125)
at org.openqa.selenium.remote.service.DriverCommandExecutor.execute(DriverCommandExecutor.java:83)
at org.openqa.selenium.remote.RemoteWebDriver.execute(RemoteWebDriver.java:548)
at org.openqa.selenium.remote.RemoteWebDriver.execute(RemoteWebDriver.java:605)
at org.openqa.selenium.remote.RemoteWebDriver.close(RemoteWebDriver.java:438)
at base.CommonAPI.cleanUp(CommonAPI.java:175)
... Removed 32 stack frames]]>
    </failure>
  </testcase> <!-- @AfterMethod cleanUp -->
  <testcase name="searchData" time="62.428" classname="search.TestSearch"/>
</testsuite> <!-- Search Test -->
